Start testing: Oct 18 20:26 -03
----------------------------------------------------------
1/2 Testing: test_howto
1/2 Test: test_howto
Command: "/bin/sh" "/home/santiago/gr-howto/build/lib/test_howto_test.sh"
Directory: /home/santiago/gr-howto/build/lib
"test_howto" start time: Oct 18 20:26 -03
Output:
----------------------------------------------------------


<end of output>
Test time =   0.02 sec
----------------------------------------------------------
Test Passed.
"test_howto" end time: Oct 18 20:26 -03
"test_howto" time elapsed: 00:00:00
----------------------------------------------------------

2/2 Testing: qa_square_ff
2/2 Test: qa_square_ff
Command: "/bin/sh" "/home/santiago/gr-howto/build/python/qa_square_ff_test.sh"
Directory: /home/santiago/gr-howto/build/python
"qa_square_ff" start time: Oct 18 20:26 -03
Output:
----------------------------------------------------------
.
----------------------------------------------------------------------
Ran 1 test in 0.003s

OK
<end of output>
Test time =   2.58 sec
----------------------------------------------------------
Test Passed.
"qa_square_ff" end time: Oct 18 20:26 -03
"qa_square_ff" time elapsed: 00:00:02
----------------------------------------------------------

End testing: Oct 18 20:26 -03
